<?xml version="1.0" encoding="UTF-8" ?>
<testsuite tests="3" failures="2" name="com.tecsup.gestion.controller.EmployeeControllerIntegrationTest" time="0.372" errors="0" skipped="0">
  <properties>
    <property name="java.runtime.name" value="Java(TM) SE Runtime Environment"/>
    <property name="sun.boot.library.path" value="C:\Program Files\Java\jdk1.8.0_131\jre\bin"/>
    <property name="java.vm.version" value="25.131-b11"/>
    <property name="java.vm.vendor" value="Oracle Corporation"/>
    <property name="maven.multiModuleProjectDirectory" value="C:\Users\paulf\Downloads\labSpringMVC\labSpringMVC"/>
    <property name="java.vendor.url" value="http://java.oracle.com/"/>
    <property name="path.separator" value=";"/>
    <property name="guice.disable.misplaced.annotation.check" value="true"/>
    <property name="java.vm.name" value="Java HotSpot(TM) 64-Bit Server VM"/>
    <property name="file.encoding.pkg" value="sun.io"/>
    <property name="user.script" value=""/>
    <property name="user.country" value="US"/>
    <property name="sun.java.launcher" value="SUN_STANDARD"/>
    <property name="sun.os.patch.level" value=""/>
    <property name="java.vm.specification.name" value="Java Virtual Machine Specification"/>
    <property name="user.dir" value="C:\Users\paulf\Downloads\labSpringMVC\labSpringMVC"/>
    <property name="java.runtime.version" value="1.8.0_131-b11"/>
    <property name="java.awt.graphicsenv" value="sun.awt.Win32GraphicsEnvironment"/>
    <property name="java.endorsed.dirs" value="C:\Program Files\Java\jdk1.8.0_131\jre\lib\endorsed"/>
    <property name="os.arch" value="amd64"/>
    <property name="java.io.tmpdir" value="C:\Users\paulf\AppData\Local\Temp\"/>
    <property name="line.separator" value="
"/>
    <property name="java.vm.specification.vendor" value="Oracle Corporation"/>
    <property name="user.variant" value=""/>
    <property name="os.name" value="Windows 10"/>
    <property name="classworlds.conf" value="C:\Users\paulf\Documents\workspace-sts-3.9.1.RELEASE\.metadata\.plugins\org.eclipse.m2e.launching\launches\m2conf4240059239023305226.tmp"/>
    <property name="sun.jnu.encoding" value="Cp1252"/>
    <property name="java.library.path" value="C:\Program Files\Java\jdk1.8.0_131\bin;C:\Windows\Sun\Java\bin;C:\Windows\system32;C:\Windows;C:/Program Files/Java/jre1.8.0_151/bin/server;C:/Program Files/Java/jre1.8.0_151/bin;C:/Program Files/Java/jre1.8.0_151/lib/amd64;c:\programdata\oracle\java\javapath;c:\program files (x86)\intel\icls client\;c:\program files\intel\icls client\;c:\windows\system32;c:\windows;c:\windows\system32\wbem;c:\windows\system32\windowspowershell\v1.0\;c:\program files\intel\wifi\bin\;c:\program files\common files\intel\wirelesscommon\;c:\program files (x86)\intel\intel(r) management engine components\dal;c:\program files\intel\intel(r) management engine components\dal;c:\program files (x86)\intel\intel(r) management engine components\ipt;c:\program files\intel\intel(r) management engine components\ipt;c:\program files\git\cmd;c:\program files\dotnet\;c:\program files\microsoft sql server\130\tools\binn\;c:\wamp64\bin\php\php7.1.9;c:\programdata\composersetup\bin;c:\program files (x86)\gtksharp\2.12\bin;C:\Program Files (x86)\NVIDIA Corporation\PhysX\Common;C:\Program Files\PuTTY\;C:\Users\paulf\Documents\apache-maven-3.5.2\bin;C:\Users\paulf\AppData\Local\Microsoft\WindowsApps;C:\Program Files\Intel\WiFi\bin\;C:\Program Files\Common Files\Intel\WirelessCommon\;C:\Users\paulf\AppData\Local\atom\bin;C:\Users\paulf\AppData\Roaming\Composer\vendor\bin;C:\Users\paulf\Documents\sts-bundle\sts-3.9.1.RELEASE;;."/>
    <property name="java.specification.name" value="Java Platform API Specification"/>
    <property name="java.class.version" value="52.0"/>
    <property name="sun.management.compiler" value="HotSpot 64-Bit Tiered Compilers"/>
    <property name="os.version" value="10.0"/>
    <property name="user.home" value="C:\Users\paulf"/>
    <property name="user.timezone" value="America/Bogota"/>
    <property name="java.awt.printerjob" value="sun.awt.windows.WPrinterJob"/>
    <property name="java.specification.version" value="1.8"/>
    <property name="file.encoding" value="Cp1252"/>
    <property name="user.name" value="paulf"/>
    <property name="java.class.path" value="C:\Users\paulf\Documents\sts-bundle\sts-3.9.1.RELEASE\plugins\org.eclipse.m2e.maven.runtime_1.8.2.20171007-0216\jars\plexus-classworlds-2.5.2.jar"/>
    <property name="java.vm.specification.version" value="1.8"/>
    <property name="sun.arch.data.model" value="64"/>
    <property name="java.home" value="C:\Program Files\Java\jdk1.8.0_131\jre"/>
    <property name="sun.java.command" value="org.codehaus.plexus.classworlds.launcher.Launcher -B test"/>
    <property name="java.specification.vendor" value="Oracle Corporation"/>
    <property name="user.language" value="en"/>
    <property name="awt.toolkit" value="sun.awt.windows.WToolkit"/>
    <property name="java.vm.info" value="mixed mode"/>
    <property name="java.version" value="1.8.0_131"/>
    <property name="java.ext.dirs" value="C:\Program Files\Java\jdk1.8.0_131\jre\lib\ext;C:\Windows\Sun\Java\lib\ext"/>
    <property name="sun.boot.class.path" value="C:\Program Files\Java\jdk1.8.0_131\jre\lib\resources.jar;C:\Program Files\Java\jdk1.8.0_131\jre\lib\rt.jar;C:\Program Files\Java\jdk1.8.0_131\jre\lib\sunrsasign.jar;C:\Program Files\Java\jdk1.8.0_131\jre\lib\jsse.jar;C:\Program Files\Java\jdk1.8.0_131\jre\lib\jce.jar;C:\Program Files\Java\jdk1.8.0_131\jre\lib\charsets.jar;C:\Program Files\Java\jdk1.8.0_131\jre\lib\jfr.jar;C:\Program Files\Java\jdk1.8.0_131\jre\classes"/>
    <property name="java.vendor" value="Oracle Corporation"/>
    <property name="maven.home" value="C:\Users\paulf\Downloads\labSpringMVC\labSpringMVC\EMBEDDED"/>
    <property name="file.separator" value="\"/>
    <property name="java.vendor.url.bug" value="http://bugreport.sun.com/bugreport/"/>
    <property name="sun.cpu.endian" value="little"/>
    <property name="sun.io.unicode.encoding" value="UnicodeLittle"/>
    <property name="sun.desktop" value="windows"/>
    <property name="sun.cpu.isalist" value="amd64"/>
  </properties>
  <testcase classname="com.tecsup.gestion.controller.EmployeeControllerIntegrationTest" name="list" time="0.341">
    <failure message="Model attribute &apos;employees&apos;
Expected: a collection containing (hasProperty(&quot;employeeId&quot;, is &lt;100&gt;) and hasProperty(&quot;login&quot;, is &quot;jgomez&quot;) and hasProperty(&quot;password&quot;, is &quot;123456&quot;) and hasProperty(&quot;firstname&quot;, is &quot;Jaime&quot;) and hasProperty(&quot;lastname&quot;, is &quot;Gomez&quot;) and hasProperty(&quot;salary&quot;, is &lt;2505&gt;))
     but: hasProperty(&quot;employeeId&quot;, is &lt;100&gt;) property &apos;employeeId&apos; was &lt;1&gt;, hasProperty(&quot;employeeId&quot;, is &lt;100&gt;) property &apos;employeeId&apos; was &lt;2&gt;, hasProperty(&quot;employeeId&quot;, is &lt;100&gt;) property &apos;employeeId&apos; was &lt;4&gt;, hasProperty(&quot;employeeId&quot;, is &lt;100&gt;) property &apos;employeeId&apos; was &lt;5&gt;" type="java.lang.AssertionError">java.lang.AssertionError: Model attribute &apos;employees&apos;
Expected: a collection containing (hasProperty(&quot;employeeId&quot;, is &lt;100&gt;) and hasProperty(&quot;login&quot;, is &quot;jgomez&quot;) and hasProperty(&quot;password&quot;, is &quot;123456&quot;) and hasProperty(&quot;firstname&quot;, is &quot;Jaime&quot;) and hasProperty(&quot;lastname&quot;, is &quot;Gomez&quot;) and hasProperty(&quot;salary&quot;, is &lt;2505&gt;))
     but: hasProperty(&quot;employeeId&quot;, is &lt;100&gt;) property &apos;employeeId&apos; was &lt;1&gt;, hasProperty(&quot;employeeId&quot;, is &lt;100&gt;) property &apos;employeeId&apos; was &lt;2&gt;, hasProperty(&quot;employeeId&quot;, is &lt;100&gt;) property &apos;employeeId&apos; was &lt;4&gt;, hasProperty(&quot;employeeId&quot;, is &lt;100&gt;) property &apos;employeeId&apos; was &lt;5&gt;
	at org.hamcrest.MatcherAssert.assertThat(MatcherAssert.java:20)
	at org.springframework.test.web.servlet.result.ModelResultMatchers.lambda$attribute$0(ModelResultMatchers.java:58)
	at org.springframework.test.web.servlet.MockMvc$1.andExpect(MockMvc.java:164)
	at com.tecsup.gestion.controller.EmployeeControllerIntegrationTest.list(EmployeeControllerIntegrationTest.java:60)
	at sun.reflect.NativeMethodAccessorImpl.invoke0(Native Method)
	at sun.reflect.NativeMethodAccessorImpl.invoke(NativeMethodAccessorImpl.java:62)
	at sun.reflect.DelegatingMethodAccessorImpl.invoke(DelegatingMethodAccessorImpl.java:43)
	at java.lang.reflect.Method.invoke(Method.java:498)
	at org.junit.runners.model.FrameworkMethod$1.runReflectiveCall(FrameworkMethod.java:50)
	at org.junit.internal.runners.model.ReflectiveCallable.run(ReflectiveCallable.java:12)
	at org.junit.runners.model.FrameworkMethod.invokeExplosively(FrameworkMethod.java:47)
	at org.junit.internal.runners.statements.InvokeMethod.evaluate(InvokeMethod.java:17)
	at org.springframework.test.context.junit4.statements.RunBeforeTestExecutionCallbacks.evaluate(RunBeforeTestExecutionCallbacks.java:73)
	at org.springframework.test.context.junit4.statements.RunAfterTestExecutionCallbacks.evaluate(RunAfterTestExecutionCallbacks.java:83)
	at org.junit.internal.runners.statements.RunBefores.evaluate(RunBefores.java:26)
	at org.springframework.test.context.junit4.statements.RunBeforeTestMethodCallbacks.evaluate(RunBeforeTestMethodCallbacks.java:75)
	at org.springframework.test.context.junit4.statements.RunAfterTestMethodCallbacks.evaluate(RunAfterTestMethodCallbacks.java:86)
	at org.springframework.test.context.junit4.statements.SpringRepeat.evaluate(SpringRepeat.java:84)
	at org.junit.runners.ParentRunner.runLeaf(ParentRunner.java:325)
	at org.springframework.test.context.junit4.SpringJUnit4ClassRunner.runChild(SpringJUnit4ClassRunner.java:251)
	at org.springframework.test.context.junit4.SpringJUnit4ClassRunner.runChild(SpringJUnit4ClassRunner.java:97)
	at org.junit.runners.ParentRunner$3.run(ParentRunner.java:290)
	at org.junit.runners.ParentRunner$1.schedule(ParentRunner.java:71)
	at org.junit.runners.ParentRunner.runChildren(ParentRunner.java:288)
	at org.junit.runners.ParentRunner.access$000(ParentRunner.java:58)
	at org.junit.runners.ParentRunner$2.evaluate(ParentRunner.java:268)
	at org.springframework.test.context.junit4.statements.RunBeforeTestClassCallbacks.evaluate(RunBeforeTestClassCallbacks.java:61)
	at org.springframework.test.context.junit4.statements.RunAfterTestClassCallbacks.evaluate(RunAfterTestClassCallbacks.java:70)
	at org.junit.runners.ParentRunner.run(ParentRunner.java:363)
	at org.springframework.test.context.junit4.SpringJUnit4ClassRunner.run(SpringJUnit4ClassRunner.java:190)
	at org.apache.maven.surefire.junit4.JUnit4Provider.execute(JUnit4Provider.java:252)
	at org.apache.maven.surefire.junit4.JUnit4Provider.executeTestSet(JUnit4Provider.java:141)
	at org.apache.maven.surefire.junit4.JUnit4Provider.invoke(JUnit4Provider.java:112)
	at sun.reflect.NativeMethodAccessorImpl.invoke0(Native Method)
	at sun.reflect.NativeMethodAccessorImpl.invoke(NativeMethodAccessorImpl.java:62)
	at sun.reflect.DelegatingMethodAccessorImpl.invoke(DelegatingMethodAccessorImpl.java:43)
	at java.lang.reflect.Method.invoke(Method.java:498)
	at org.apache.maven.surefire.util.ReflectionUtils.invokeMethodWithArray(ReflectionUtils.java:189)
	at org.apache.maven.surefire.booter.ProviderFactory$ProviderProxy.invoke(ProviderFactory.java:165)
	at org.apache.maven.surefire.booter.ProviderFactory.invokeProvider(ProviderFactory.java:85)
	at org.apache.maven.surefire.booter.ForkedBooter.runSuitesInProcess(ForkedBooter.java:115)
	at org.apache.maven.surefire.booter.ForkedBooter.main(ForkedBooter.java:75)
</failure>
    <system-out>INFO : org.springframework.test.context.web.WebTestContextBootstrapper --&gt; getDefaultTestExecutionListenerClassNames() : - Loaded default TestExecutionListener class names from location [META-INF/spring.factories]: [org.springframework.test.context.web.ServletTestExecutionListener, org.springframework.test.context.support.DirtiesContextBeforeModesTestExecutionListener, org.springframework.test.context.support.DependencyInjectionTestExecutionListener, org.springframework.test.context.support.DirtiesContextTestExecutionListener, org.springframework.test.context.transaction.TransactionalTestExecutionListener, org.springframework.test.context.jdbc.SqlScriptsTestExecutionListener]
INFO : org.springframework.test.context.web.WebTestContextBootstrapper --&gt; getTestExecutionListeners() : - Using TestExecutionListeners: [org.springframework.test.context.web.ServletTestExecutionListener@10bbd20a, org.springframework.test.context.support.DirtiesContextBeforeModesTestExecutionListener@48503868, org.springframework.test.context.support.DependencyInjectionTestExecutionListener@6895a785, org.springframework.test.context.support.DirtiesContextTestExecutionListener@184f6be2, org.springframework.test.context.transaction.TransactionalTestExecutionListener@56aac163, org.springframework.test.context.jdbc.SqlScriptsTestExecutionListener@1f7030a6]
INFO : org.springframework.beans.factory.xml.XmlBeanDefinitionReader --&gt; loadBeanDefinitions() : - Loading XML bean definitions from URL [file:src/main/webapp/WEB-INF/spring/root-context.xml]
INFO : org.springframework.web.context.support.GenericWebApplicationContext --&gt; prepareRefresh() : - Refreshing org.springframework.web.context.support.GenericWebApplicationContext@67b467e9: startup date [Wed Nov 15 11:37:24 COT 2017]; root of context hierarchy
INFO : org.springframework.beans.factory.annotation.AutowiredAnnotationBeanPostProcessor --&gt; &lt;init&gt;() : - JSR-330 &apos;javax.inject.Inject&apos; annotation found and supported for autowiring
INFO : org.springframework.jdbc.datasource.DriverManagerDataSource --&gt; setDriverClassName() : - Loaded JDBC driver: com.mysql.jdbc.Driver
INFO : org.springframework.beans.factory.xml.XmlBeanDefinitionReader --&gt; loadBeanDefinitions() : - Loading XML bean definitions from URL [file:src/main/webapp/WEB-INF/spring/appServlet/servlet-context.xml]
INFO : org.springframework.web.context.support.GenericWebApplicationContext --&gt; prepareRefresh() : - Refreshing org.springframework.web.context.support.GenericWebApplicationContext@23d2a7e8: startup date [Wed Nov 15 11:37:24 COT 2017]; parent: org.springframework.web.context.support.GenericWebApplicationContext@67b467e9
INFO : org.springframework.beans.factory.annotation.AutowiredAnnotationBeanPostProcessor --&gt; &lt;init&gt;() : - JSR-330 &apos;javax.inject.Inject&apos; annotation found and supported for autowiring
INFO : org.springframework.web.servlet.mvc.method.annotation.RequestMappingHandlerMapping --&gt; register() : - Mapped &quot;{[/admin/emp/{action}/{employee_id}],methods=[GET]}&quot; onto public org.springframework.web.servlet.ModelAndView com.tecsup.gestion.controller.EmployeeController.form(java.lang.String,int,org.springframework.ui.ModelMap)
INFO : org.springframework.web.servlet.mvc.method.annotation.RequestMappingHandlerMapping --&gt; register() : - Mapped &quot;{[/admin/emp/delete],methods=[POST]}&quot; onto public org.springframework.web.servlet.ModelAndView com.tecsup.gestion.controller.EmployeeController.delete(com.tecsup.gestion.model.Employee,org.springframework.validation.BindingResult,org.springframework.ui.ModelMap)
INFO : org.springframework.web.servlet.mvc.method.annotation.RequestMappingHandlerMapping --&gt; register() : - Mapped &quot;{[/admin/emp/create],methods=[POST]}&quot; onto public org.springframework.web.servlet.ModelAndView com.tecsup.gestion.controller.EmployeeController.create(com.tecsup.gestion.model.Employee,org.springframework.validation.BindingResult,org.springframework.ui.ModelMap)
INFO : org.springframework.web.servlet.mvc.method.annotation.RequestMappingHandlerMapping --&gt; register() : - Mapped &quot;{[/admin/emp/list],methods=[GET]}&quot; onto public java.lang.String com.tecsup.gestion.controller.EmployeeController.list(com.tecsup.gestion.model.Employee,org.springframework.ui.ModelMap)
INFO : org.springframework.web.servlet.mvc.method.annotation.RequestMappingHandlerMapping --&gt; register() : - Mapped &quot;{[/admin/emp/editsave],methods=[POST]}&quot; onto public org.springframework.web.servlet.ModelAndView com.tecsup.gestion.controller.EmployeeController.editsave(com.tecsup.gestion.model.Employee,org.springframework.validation.BindingResult,org.springframework.ui.ModelMap)
INFO : org.springframework.web.servlet.mvc.method.annotation.RequestMappingHandlerMapping --&gt; register() : - Mapped &quot;{[/admin/emp/createform],methods=[GET]}&quot; onto public org.springframework.web.servlet.ModelAndView com.tecsup.gestion.controller.EmployeeController.createform()
INFO : org.springframework.web.servlet.mvc.method.annotation.RequestMappingHandlerMapping --&gt; register() : - Mapped &quot;{[/user/menu],methods=[GET]}&quot; onto public java.lang.String com.tecsup.gestion.controller.EmployeeController.menu()
INFO : org.springframework.web.servlet.mvc.method.annotation.RequestMappingHandlerMapping --&gt; register() : - Mapped &quot;{[/{employee_id}],methods=[GET]}&quot; onto public org.springframework.web.servlet.ModelAndView com.tecsup.gestion.controller.EmployeeController.home(int,org.springframework.ui.ModelMap)
INFO : org.springframework.web.servlet.mvc.method.annotation.RequestMappingHandlerMapping --&gt; register() : - Mapped &quot;{[/user/403],methods=[GET]}&quot; onto public java.lang.String com.tecsup.gestion.controller.EmployeeController.accessDenied()
INFO : org.springframework.web.servlet.mvc.method.annotation.RequestMappingHandlerMapping --&gt; register() : - Mapped &quot;{[/login],methods=[POST]}&quot; onto public org.springframework.web.servlet.ModelAndView com.tecsup.gestion.controller.LoginController.login(com.tecsup.gestion.model.Credential,org.springframework.validation.BindingResult,org.springframework.ui.ModelMap)
INFO : org.springframework.web.servlet.mvc.method.annotation.RequestMappingHandlerMapping --&gt; register() : - Mapped &quot;{[/login],methods=[GET]}&quot; onto public org.springframework.web.servlet.ModelAndView com.tecsup.gestion.controller.LoginController.preLogin()
INFO : org.hibernate.validator.internal.util.Version --&gt; &lt;clinit&gt;() : - HV000001: Hibernate Validator 6.0.2.Final
INFO : org.springframework.web.servlet.mvc.method.annotation.RequestMappingHandlerAdapter --&gt; initControllerAdviceCache() : - Looking for @ControllerAdvice: org.springframework.web.context.support.GenericWebApplicationContext@23d2a7e8: startup date [Wed Nov 15 11:37:24 COT 2017]; parent: org.springframework.web.context.support.GenericWebApplicationContext@67b467e9
INFO : org.springframework.web.servlet.mvc.method.annotation.RequestMappingHandlerAdapter --&gt; initControllerAdviceCache() : - Looking for @ControllerAdvice: org.springframework.web.context.support.GenericWebApplicationContext@23d2a7e8: startup date [Wed Nov 15 11:37:24 COT 2017]; parent: org.springframework.web.context.support.GenericWebApplicationContext@67b467e9
INFO : org.springframework.web.servlet.handler.SimpleUrlHandlerMapping --&gt; registerHandler() : - Mapped URL path [/resources/**] onto handler &apos;org.springframework.web.servlet.resource.ResourceHttpRequestHandler#0&apos;
INFO : org.springframework.jdbc.datasource.DriverManagerDataSource --&gt; setDriverClassName() : - Loaded JDBC driver: com.mysql.jdbc.Driver
INFO : org.springframework.mock.web.MockServletContext --&gt; log() : - Initializing Spring FrameworkServlet &apos;&apos;
INFO : org.springframework.test.web.servlet.TestDispatcherServlet --&gt; initServletBean() : - FrameworkServlet &apos;&apos;: initialization started
INFO : org.springframework.test.web.servlet.TestDispatcherServlet --&gt; initServletBean() : - FrameworkServlet &apos;&apos;: initialization completed in 16 ms
</system-out>
  </testcase>
  <testcase classname="com.tecsup.gestion.controller.EmployeeControllerIntegrationTest" name="givenWac_whenServletContext_thenItProvidesGreetController" time="0"/>
  <testcase classname="com.tecsup.gestion.controller.EmployeeControllerIntegrationTest" name="editForm" time="0.031">
    <failure message="Model attribute &apos;employee&apos;
Expected: hasProperty(&quot;employeeId&quot;, is &lt;100&gt;)
     but: property &apos;employeeId&apos; was &lt;0&gt;" type="java.lang.AssertionError">java.lang.AssertionError: Model attribute &apos;employee&apos;
Expected: hasProperty(&quot;employeeId&quot;, is &lt;100&gt;)
     but: property &apos;employeeId&apos; was &lt;0&gt;
	at org.hamcrest.MatcherAssert.assertThat(MatcherAssert.java:20)
	at org.springframework.test.web.servlet.result.ModelResultMatchers.lambda$attribute$0(ModelResultMatchers.java:58)
	at org.springframework.test.web.servlet.MockMvc$1.andExpect(MockMvc.java:164)
	at com.tecsup.gestion.controller.EmployeeControllerIntegrationTest.editForm(EmployeeControllerIntegrationTest.java:80)
	at sun.reflect.NativeMethodAccessorImpl.invoke0(Native Method)
	at sun.reflect.NativeMethodAccessorImpl.invoke(NativeMethodAccessorImpl.java:62)
	at sun.reflect.DelegatingMethodAccessorImpl.invoke(DelegatingMethodAccessorImpl.java:43)
	at java.lang.reflect.Method.invoke(Method.java:498)
	at org.junit.runners.model.FrameworkMethod$1.runReflectiveCall(FrameworkMethod.java:50)
	at org.junit.internal.runners.model.ReflectiveCallable.run(ReflectiveCallable.java:12)
	at org.junit.runners.model.FrameworkMethod.invokeExplosively(FrameworkMethod.java:47)
	at org.junit.internal.runners.statements.InvokeMethod.evaluate(InvokeMethod.java:17)
	at org.springframework.test.context.junit4.statements.RunBeforeTestExecutionCallbacks.evaluate(RunBeforeTestExecutionCallbacks.java:73)
	at org.springframework.test.context.junit4.statements.RunAfterTestExecutionCallbacks.evaluate(RunAfterTestExecutionCallbacks.java:83)
	at org.junit.internal.runners.statements.RunBefores.evaluate(RunBefores.java:26)
	at org.springframework.test.context.junit4.statements.RunBeforeTestMethodCallbacks.evaluate(RunBeforeTestMethodCallbacks.java:75)
	at org.springframework.test.context.junit4.statements.RunAfterTestMethodCallbacks.evaluate(RunAfterTestMethodCallbacks.java:86)
	at org.springframework.test.context.junit4.statements.SpringRepeat.evaluate(SpringRepeat.java:84)
	at org.junit.runners.ParentRunner.runLeaf(ParentRunner.java:325)
	at org.springframework.test.context.junit4.SpringJUnit4ClassRunner.runChild(SpringJUnit4ClassRunner.java:251)
	at org.springframework.test.context.junit4.SpringJUnit4ClassRunner.runChild(SpringJUnit4ClassRunner.java:97)
	at org.junit.runners.ParentRunner$3.run(ParentRunner.java:290)
	at org.junit.runners.ParentRunner$1.schedule(ParentRunner.java:71)
	at org.junit.runners.ParentRunner.runChildren(ParentRunner.java:288)
	at org.junit.runners.ParentRunner.access$000(ParentRunner.java:58)
	at org.junit.runners.ParentRunner$2.evaluate(ParentRunner.java:268)
	at org.springframework.test.context.junit4.statements.RunBeforeTestClassCallbacks.evaluate(RunBeforeTestClassCallbacks.java:61)
	at org.springframework.test.context.junit4.statements.RunAfterTestClassCallbacks.evaluate(RunAfterTestClassCallbacks.java:70)
	at org.junit.runners.ParentRunner.run(ParentRunner.java:363)
	at org.springframework.test.context.junit4.SpringJUnit4ClassRunner.run(SpringJUnit4ClassRunner.java:190)
	at org.apache.maven.surefire.junit4.JUnit4Provider.execute(JUnit4Provider.java:252)
	at org.apache.maven.surefire.junit4.JUnit4Provider.executeTestSet(JUnit4Provider.java:141)
	at org.apache.maven.surefire.junit4.JUnit4Provider.invoke(JUnit4Provider.java:112)
	at sun.reflect.NativeMethodAccessorImpl.invoke0(Native Method)
	at sun.reflect.NativeMethodAccessorImpl.invoke(NativeMethodAccessorImpl.java:62)
	at sun.reflect.DelegatingMethodAccessorImpl.invoke(DelegatingMethodAccessorImpl.java:43)
	at java.lang.reflect.Method.invoke(Method.java:498)
	at org.apache.maven.surefire.util.ReflectionUtils.invokeMethodWithArray(ReflectionUtils.java:189)
	at org.apache.maven.surefire.booter.ProviderFactory$ProviderProxy.invoke(ProviderFactory.java:165)
	at org.apache.maven.surefire.booter.ProviderFactory.invokeProvider(ProviderFactory.java:85)
	at org.apache.maven.surefire.booter.ForkedBooter.runSuitesInProcess(ForkedBooter.java:115)
	at org.apache.maven.surefire.booter.ForkedBooter.main(ForkedBooter.java:75)
</failure>
    <system-out>INFO : org.springframework.mock.web.MockServletContext --&gt; log() : - Initializing Spring FrameworkServlet &apos;&apos;
INFO : org.springframework.test.web.servlet.TestDispatcherServlet --&gt; initServletBean() : - FrameworkServlet &apos;&apos;: initialization started
INFO : org.springframework.test.web.servlet.TestDispatcherServlet --&gt; initServletBean() : - FrameworkServlet &apos;&apos;: initialization completed in 0 ms
INFO : com.tecsup.gestion.controller.EmployeeController --&gt; form() : - action = editform
</system-out>
  </testcase>
</testsuite>